<?xml version="1.0" encoding="UTF-8"?>
<!-- Generated by org.testng.reporters.JUnitReportReporter -->
<testsuite hostname="himanshusutar" failures="0" tests="2" name="com.zomato.api.RestaurantTest" time="1.286" errors="0" timestamp="2020-06-28T10:55:01 IST" skipped="0">
  <testcase classname="com.zomato.api.RestaurantTest" name="restaurantSuccessResponse" time="1.000"/>
  <system-out/>
  <testcase classname="com.zomato.api.RestaurantTest" name="restaurantResponseWithoutResID" time="0.286"/>
  <system-out/>
</testsuite> <!-- com.zomato.api.RestaurantTest -->
