<?xml version="1.0" encoding="UTF-8"?>
<!-- Generated by org.testng.reporters.JUnitReportReporter -->
<testsuite hostname="himanshusutar" failures="0" tests="4" name="com.zomato.api.LocationsTest" time="1.877" errors="0" timestamp="2020-06-28T10:55:01 IST" skipped="0">
  <testcase classname="com.zomato.api.LocationsTest" name="categorizeInvalidUserkey" time="0.433"/>
  <system-out/>
  <testcase classname="com.zomato.api.LocationsTest" name="locationsSuccessResponseWithCityandCount" time="0.651"/>
  <system-out/>
  <testcase classname="com.zomato.api.LocationsTest" name="locationsSuccessResponseWithLatandLon" time="0.347"/>
  <system-out/>
  <testcase classname="com.zomato.api.LocationsTest" name="locationsSuccessResponseWithIncreasedCount" time="0.446"/>
  <system-out/>
</testsuite> <!-- com.zomato.api.LocationsTest -->
