<?xml version="1.0" encoding="UTF-8"?>
<!-- Generated by org.testng.reporters.JUnitReportReporter -->
<testsuite hostname="himanshusutar" failures="0" tests="5" name="com.zomato.api.CitiesTest" time="2.538" errors="0" timestamp="2020-06-28T10:55:01 IST" skipped="0">
  <testcase classname="com.zomato.api.CitiesTest" name="citiesSuccessResponseWithCityName" time="0.599"/>
  <system-out/>
  <testcase classname="com.zomato.api.CitiesTest" name="citiesSuccessResponseWithCityId" time="0.661"/>
  <system-out/>
  <testcase classname="com.zomato.api.CitiesTest" name="citiesSuccessResponseWithCityCords" time="0.636"/>
  <system-out/>
  <testcase classname="com.zomato.api.CitiesTest" name="citiesSuccessResponseWithoutParams" time="0.349"/>
  <system-out/>
  <testcase classname="com.zomato.api.CitiesTest" name="citiesSuccessResponseWithInvalidCords" time="0.293"/>
  <system-out/>
</testsuite> <!-- com.zomato.api.CitiesTest -->
