<?xml version="1.0" encoding="UTF-8"?>
<!-- Generated by org.testng.reporters.JUnitReportReporter -->
<testsuite hostname="himanshusutar" failures="0" tests="2" name="com.zomato.api.CategorizeTest" time="6.574" errors="0" timestamp="2020-06-28T10:55:01 IST" skipped="0">
  <testcase classname="com.zomato.api.CategorizeTest" name="categorizeSuccessResponse" time="3.270"/>
  <system-out/>
  <testcase classname="com.zomato.api.CategorizeTest" name="categorizeInvalidUserkey" time="3.304"/>
  <system-out/>
</testsuite> <!-- com.zomato.api.CategorizeTest -->
