<?xml version="1.0" encoding="UTF-8"?>
<!-- Generated by org.testng.reporters.JUnitReportReporter -->
<testsuite hostname="himanshusutar" failures="0" tests="4" name="com.zomato.api.LocationDetailsTest" time="2.108" errors="0" timestamp="2020-06-28T10:55:01 IST" skipped="0">
  <testcase classname="com.zomato.api.LocationDetailsTest" name="locationDetailsSuccessResponse" time="1.055"/>
  <system-out/>
  <testcase classname="com.zomato.api.LocationDetailsTest" name="locationDetailsWithoutEntityType" time="0.365"/>
  <system-out/>
  <testcase classname="com.zomato.api.LocationDetailsTest" name="locationDetailsWithoutEntityId" time="0.316"/>
  <system-out/>
  <testcase classname="com.zomato.api.LocationDetailsTest" name="locationInvalidUserkey" time="0.372"/>
  <system-out/>
</testsuite> <!-- com.zomato.api.LocationDetailsTest -->
